<?xml version="1.0" encoding="UTF-8"?>
<!-- Generated by org.testng.reporters.JUnitXMLReporter -->
<testsuite ignored="8" hostname="INHYLP0031" failures="0" tests="1" name="Default test" time="46.587" errors="0" timestamp="2023-12-19T17:30:28 IST">
  <testcase classname="Test.Test_AddcouponCode" name="Add_Couponwith_gift_and_systemGenerated_code" time="23.661"/>
  <testcase classname="Test.Test_AddcouponCode" name="Test_Add_Coupon_Discount_unit_without_adv" time="0.0">
    <ignored/>
  </testcase> <!-- Test_Add_Coupon_Discount_unit_without_adv -->
  <testcase classname="Test.Test_AddcouponCode" name="Test_Add_Coupon_Dicount_amt_without_Adv" time="0.0">
    <ignored/>
  </testcase> <!-- Test_Add_Coupon_Dicount_amt_without_Adv -->
  <testcase classname="Test.Test_AddcouponCode" name="Test_Add_coupon_Discount_unit_with_adv" time="0.0">
    <ignored/>
  </testcase> <!-- Test_Add_coupon_Discount_unit_with_adv -->
  <testcase classname="Test.Test_AddcouponCode" name="Test_Add_Coupon_Disount_percentage_with_adv" time="0.0">
    <ignored/>
  </testcase> <!-- Test_Add_Coupon_Disount_percentage_with_adv -->
  <testcase classname="Test.Test_AddcouponCode" name="Test_Add_Coupon_Discount_Amount_with_additional_Setting" time="0.0">
    <ignored/>
  </testcase> <!-- Test_Add_Coupon_Discount_Amount_with_additional_Setting -->
  <testcase classname="Test.Test_AddcouponCode" name="Test_Add_Coupon_Discount_percentage_without_adv" time="0.0">
    <ignored/>
  </testcase> <!-- Test_Add_Coupon_Discount_percentage_without_adv -->
  <testcase classname="Test.Test_AddcouponCode" name="execute" time="0.0">
    <ignored/>
  </testcase> <!-- execute -->
  <testcase classname="Test.Test_AddcouponCode" name="Test_Add_Coupon_Discount_other_with_Adv" time="0.0">
    <ignored/>
  </testcase> <!-- Test_Add_Coupon_Discount_other_with_Adv -->
</testsuite> <!-- Default test -->
