<?xml version="1.0" encoding="UTF-8"?>
<testng-results ignored="8" total="9" passed="1" failed="0" skipped="0">
  <reporter-output>
  </reporter-output>
  <suite started-at="2023-12-19T17:29:42 IST" name="Default suite" finished-at="2023-12-19T17:30:28 IST" duration-ms="46587">
    <groups>
    </groups>
    <test started-at="2023-12-19T17:29:42 IST" name="Default test" finished-at="2023-12-19T17:30:28 IST" duration-ms="46587">
      <class name="Test.Test_AddcouponCode">
        <test-method is-config="true" signature="init()[pri:0, instance:Test.Test_AddcouponCode@1130520d]" started-at="2023-12-19T17:29:35 IST" name="init" finished-at="2023-12-19T17:29:42 IST" duration-ms="6916" status="PASS">
          <reporter-output>
          </reporter-output>
        </test-method> <!-- init -->
        <test-method is-config="true" signature="Obj()[pri:0, instance:Test.Test_AddcouponCode@1130520d]" started-at="2023-12-19T17:29:42 IST" name="Obj" finished-at="2023-12-19T17:29:42 IST" duration-ms="78" status="PASS">
          <reporter-output>
          </reporter-output>
        </test-method> <!-- Obj -->
        <test-method is-config="true" signature="log()[pri:0, instance:Test.Test_AddcouponCode@1130520d]" started-at="2023-12-19T17:29:42 IST" name="log" finished-at="2023-12-19T17:30:04 IST" duration-ms="22546" status="PASS">
          <reporter-output>
          </reporter-output>
        </test-method> <!-- log -->
        <test-method signature="Add_Couponwith_gift_and_systemGenerated_code()[pri:2, instance:Test.Test_AddcouponCode@1130520d]" started-at="2023-12-19T17:30:04 IST" name="Add_Couponwith_gift_and_systemGenerated_code" finished-at="2023-12-19T17:30:28 IST" duration-ms="23661" status="PASS">
          <reporter-output>
          </reporter-output>
        </test-method> <!-- Add_Couponwith_gift_and_systemGenerated_code -->
        <test-method is-config="true" signature="End()[pri:0, instance:Test.Test_AddcouponCode@1130520d]" started-at="2023-12-19T17:30:28 IST" name="End" finished-at="2023-12-19T17:30:28 IST" duration-ms="256" status="PASS">
          <reporter-output>
          </reporter-output>
        </test-method> <!-- End -->
      </class> <!-- Test.Test_AddcouponCode -->
    </test> <!-- Default test -->
  </suite> <!-- Default suite -->
</testng-results>
